[2019-10-24 16:17:59,657][INFO]  o 跳过 文欢:512740994@qq.com
[2019-10-24 16:17:59,666][INFO]  o 跳过 胡峰刚:13035144322@163.com
[2019-10-24 16:17:59,672][INFO]  o 跳过 邹亚平:daydayup_zyp@163.com
[2019-10-24 16:17:59,680][INFO]  o 跳过 叶海烽:925534599@qq.com
[2019-10-24 16:17:59,688][INFO]  o 跳过 王远洋:1047709128@qq.com
[2019-10-24 16:17:59,695][INFO]  o 跳过 王超悦:beyond879355400@me.com
[2019-10-24 16:17:59,703][INFO]  o 跳过 刘亚卿:844392143@qq.com
[2019-10-24 16:17:59,710][INFO]  o 跳过 雷超:280841866@qq.com
[2019-10-24 16:17:59,720][INFO]  o 跳过 王小柯:wg_xiaoke@163.com
[2019-10-24 16:17:59,726][INFO]  o 跳过 李栋:lidong949866723@163.com
[2019-10-24 16:17:59,733][INFO]  o 跳过 陈绍迪:chenzebedee@gmail.com
[2019-10-24 16:17:59,741][INFO]  o 跳过 窦银亮:714189283@qq.com
[2019-10-24 16:17:59,748][INFO]  o 跳过 黄艳波:969053262@qq.com
[2019-10-24 16:17:59,755][INFO]  o 跳过 籍素芳:jisufang2015@163.com
[2019-10-24 16:17:59,762][INFO]  o 跳过 李瑞梅:1227845265@qq.com
[2019-10-24 16:17:59,769][INFO]  o 跳过 裘骋操:qiuchengcao@126.com
[2019-10-24 16:17:59,777][INFO]  o 跳过 陶群:qingxo@sina.com
[2019-10-24 16:17:59,789][INFO]  o 跳过 洪广坤:honggk@163.com
[2019-10-24 16:17:59,797][INFO]  o 跳过 王阳:1146049426@qq.com
[2019-10-24 16:17:59,808][INFO]  o 跳过 袁泉:yuanquan2011@qq.com
[2019-10-24 16:17:59,812][INFO]  o 跳过 张琛雪:chenxue.zhang@outlook.de
[2019-10-24 16:17:59,823][INFO]  o 跳过 孙通:dao_chong@163.com
[2019-10-24 16:17:59,832][INFO]  o 跳过 郭锐:grw2018@yeah.net
[2019-10-24 16:17:59,839][INFO]  o 跳过 黄柳仁:huangliuren@yeah.net
[2019-10-24 16:17:59,847][INFO]  o 跳过 马龙:malongtime@163.com
[2019-10-24 16:17:59,856][INFO]  o 跳过 赵月:yueluoxingliu@163.com
[2019-10-24 16:17:59,865][INFO]  o 跳过 李雷:ray_0014@126.com
[2019-10-24 16:17:59,879][INFO]  o 跳过 黄柳仁:huangliuren@yeah.net
[2019-10-24 16:17:59,887][INFO]  o 跳过 徐仙明:xianming1013@163.com
[2019-10-24 16:17:59,894][INFO]  o 跳过 林剑辉:ljhtoljh@163.com
[2019-10-24 16:17:59,901][INFO]  o 跳过 王晶晶:903603746@qq.com 
[2019-10-24 16:17:59,908][INFO]  o 跳过 安德智:18969043227@163. com
[2019-10-24 16:17:59,916][INFO]  o 跳过 彭峰:18930122676@189.cn
[2019-10-24 16:17:59,922][INFO]  o 跳过 张霖:luoyelin1989@126.com
[2019-10-24 16:17:59,929][INFO]  o 跳过 李要辉:leeyh1988@163.com
[2019-10-24 16:17:59,936][INFO]  o 跳过 章华栋:1090993978@qq.com
[2019-10-24 16:17:59,951][INFO]  o 跳过 张祺桢:zqznju@foxmail.com
[2019-10-24 16:17:59,959][INFO]  o 跳过 李冲:lc289680@163.com
[2019-10-24 16:17:59,965][INFO]  o 跳过 梁浩:2444722858@qq.com
[2019-10-24 16:17:59,972][INFO]  o 跳过 刘永红:liuyh0805@126.com
[2019-10-24 16:17:59,979][INFO]  o 跳过 淘亚萌:tcgoodboy@126.com
[2019-10-24 16:17:59,986][INFO]  o 跳过 黄斌:771759420@qq.com
[2019-10-24 16:17:59,993][INFO]  o 跳过 李先琨:18846121140@163.com
[2019-10-24 16:18:00,000][INFO]  o 跳过 覃事银:qin411858963@163.com
[2019-10-24 16:18:00,006][INFO]  o 跳过 刘畅:2394712542@qq.com
[2019-10-24 16:18:00,012][INFO]  o 跳过 邹典坤:diankun.zou@qq.com
[2019-10-24 16:18:00,026][INFO]  o 跳过 郑程贤:396558141@qq.com
[2019-10-24 16:18:00,034][INFO]  o 跳过 雷璐:15754316682@163.com
[2019-10-24 16:18:00,042][INFO]  o 跳过 陈辉辉:690598092@qq.com
[2019-10-24 16:18:00,048][INFO]  o 跳过 汪凯峰:782603716@qq.com
[2019-10-24 16:18:00,055][INFO]  o 跳过 虞泽华:330477677@qq.com
[2019-10-24 16:18:00,062][INFO]  o 跳过 潘进勇:ssjy0512@163.com
[2019-10-24 16:18:00,069][INFO]  o 跳过 何超:13250818051@163.com
[2019-10-24 16:18:00,076][INFO]  o 跳过 郝树良:shulianghao@163.com  
[2019-10-24 16:18:00,083][INFO]  o 跳过 茹 雪:976571389@qq.com
[2019-10-24 16:18:00,089][INFO]  o 跳过 李定祥:445972387@qq.com
[2019-10-24 16:18:00,102][INFO]  o 跳过 余彬:binyu@umass.edu
[2019-10-24 16:18:00,109][INFO]  o 跳过 杜飞:813540660@qq.com
[2019-10-24 16:18:00,117][INFO]  o 跳过 赵辽浙:1044136268@qq.com
[2019-10-24 16:18:00,123][INFO]  o 跳过 李剑:2713117989@qq.com
[2019-10-24 16:18:00,130][INFO]  o 跳过 黄建平:hardon123a@163.com
[2019-10-24 16:18:00,137][INFO]  o 跳过 朱光志:18673130685@139.com
[2019-10-24 16:18:00,145][INFO]  o 跳过 江昊:badjh2005@163.com
[2019-10-24 16:18:00,153][INFO]  o 跳过 杨振:3101218930@qq.com
[2019-10-24 16:18:00,161][INFO]  o 跳过 叶雷:2439745857@qq.com
[2019-10-24 16:18:00,176][INFO]  o 跳过 刘英轲:826701692@qq.com
[2019-10-24 16:18:00,183][INFO]  o 跳过 邹九:1069679911@qq.com
[2019-10-24 16:18:00,190][INFO]  o 跳过 张宇晟:450736693@qq.com
[2019-10-24 16:18:00,197][INFO]  o 跳过 邵萃明:channon_shawn@163.com
[2019-10-24 16:18:00,204][INFO]  o 跳过 周凡:530505576@qq.com
[2019-10-24 16:18:00,211][INFO]  o 跳过 潘祺涵:15869016086@163.com
[2019-10-24 16:18:00,217][INFO]  o 跳过 代志豪:792098618@qq.com
[2019-10-24 16:18:00,224][INFO]  o 跳过 孙兴国:sunXingGuoWin@163.com
[2019-10-24 16:18:00,230][INFO]  o 跳过 齐振全:q8266600@163.com
[2019-10-24 16:18:00,237][INFO]  o 跳过 梁越冰:1031739984@qq.com
[2019-10-24 16:18:00,251][INFO]  o 跳过 俞敬元:258027175@qq.com
[2019-10-24 16:18:00,257][INFO]  o 跳过 朱峻:15935152719@163.com
[2019-10-24 16:18:00,264][INFO]  o 跳过 谢欢:jshaxh0216@163.com
[2019-10-24 16:18:00,272][INFO]  o 跳过 包锐:mr_rayleigh@163.com
[2019-10-24 16:18:00,278][INFO]  o 跳过 李键:1282195760@qq.com
[2019-10-24 16:18:00,286][INFO]  o 跳过 张建:2515110376@qq.com
[2019-10-24 16:18:00,293][INFO]  o 跳过 黄武桐:huangwutongdd@126.com
[2019-10-24 16:18:00,300][INFO]  o 跳过 尉佳媛:　1125554153@qq.com
[2019-10-24 16:18:00,307][INFO]  o 跳过 夏献霸:xiaxianba@qq.com
[2019-10-24 16:18:00,322][INFO]  o 跳过 邹启启:zqq_8@sina.com
[2019-10-24 16:18:00,334][INFO]  o 跳过 卢文强:16638210824@163.com
[2019-10-24 16:18:00,340][INFO]  o 跳过 杜智垚:santoodlut@163.com
[2019-10-24 16:18:00,348][INFO]  o 跳过 钟一成:z1220265313@163.com
[2019-10-24 16:18:00,354][INFO]  o 跳过 许嘉怡:kyzy1010@outlook.com
[2019-10-24 16:18:00,367][INFO]  o 跳过 张文:1442748791@qq.com
[2019-10-24 16:18:00,375][INFO]  o 跳过 刘金辉:965147871@qq.com
[2019-10-24 16:18:00,382][INFO]  o 跳过 徐广龙:mikexgl@163.com
[2019-10-24 16:18:00,389][INFO]  o 跳过 李效君:shawkinglee@163.com
[2019-10-24 16:18:00,396][INFO]  o 跳过 孔露:15117936091@163.com
[2019-10-24 16:18:00,409][INFO]  o 跳过 廖文采 :liewmanchoi@gmail.com
[2019-10-24 16:18:00,416][INFO]  o 跳过 庄武兵:infrosound@foxmail.com
[2019-10-24 16:18:00,422][INFO]  o 跳过 田钰峰:m18317897643@163.com
[2019-10-24 16:18:00,429][INFO]  o 跳过 张焱:zy1572443@163.com
[2019-10-24 16:18:00,436][INFO]  o 跳过 鲁姚锋:1769888081@qq.com
[2019-10-24 16:18:00,443][INFO]  o 跳过 杨昊宇:yhy0906_it@163.com
[2019-10-24 16:18:00,450][INFO]  o 跳过 卜文凤 :whitefancy@msn.cn
[2019-10-24 16:18:00,457][INFO]  o 跳过 毕正强:13029482362@163. com
[2019-10-24 16:18:00,465][INFO]  o 跳过 张亚敏:18195911663@163.com
[2019-10-24 16:18:00,473][INFO]  o 跳过 张赛:410355073@qq.com
[2019-10-24 16:18:00,488][INFO]  o 跳过 梁欢欢:lhh_kral@163.com
[2019-10-24 16:18:00,495][INFO]  o 跳过 张挺诚:ztc016@sina.com
[2019-10-24 16:18:00,502][INFO]  o 跳过 郑志浩:zeahoo@foxmail.com
[2019-10-24 16:18:00,509][INFO]  o 跳过 王 超:519172036@qq.com
[2019-10-24 16:18:00,516][INFO]  o 跳过 季义义:1564700490@qq.com
[2019-10-24 16:18:00,524][INFO]  o 跳过 刘家康:2456895962@qq.com
[2019-10-24 16:18:00,532][INFO]  o 跳过 骆念明:13083060841@163.com
[2019-10-24 16:18:00,539][INFO]  o 跳过 王永卓:1770031033@qq.com
[2019-10-24 16:18:00,547][INFO]  o 跳过 项磊:zhaoym0105@163.com
[2019-10-24 16:18:00,567][INFO]  o 跳过 赵钰明:zhaoym0105@163.com
[2019-10-24 16:18:00,575][INFO]  o 跳过 周启东:jeremyzhou0124@163.com
[2019-10-24 16:18:00,583][INFO]  o 跳过 邱凯:463157336@qq.com
[2019-10-24 16:18:00,592][INFO]  o 跳过 叶存葵:634562708@qq.com
[2019-10-24 16:18:00,601][INFO]  o 跳过 齐洪博:qi_kaixin@163.com
[2019-10-24 16:18:00,611][INFO]  o 跳过 陈想:xforchen@163.com
[2019-10-24 16:18:00,618][INFO]  o 跳过 郭振亚:1113195731@qq.com
[2019-10-24 16:18:00,627][INFO]  o 跳过 姚鑫威:15928036528@163. com
[2019-10-24 16:18:00,635][INFO]  o 跳过 徐浩展:710542410@qq.com
[2019-10-24 16:18:00,642][INFO]  o 跳过 邱川旭:602708643@qq.com
[2019-10-24 16:18:00,658][INFO]  o 跳过 祝节胜:porryuse@163.com
[2019-10-24 16:18:00,666][INFO]  o 跳过 杜阳阳:1132458336@qq.com
[2019-10-24 16:18:00,672][INFO]  o 跳过 刘大双:171952814@163.com
[2019-10-24 16:18:00,681][INFO]  o 跳过 姚少峰 :ysf_1@163.com
[2019-10-24 16:18:00,688][INFO]  o 跳过 张传庆:zcqtoken@163.com
[2019-10-24 16:18:00,696][INFO]  o 跳过 夏伟:1064282666@qq.com
[2019-10-24 16:18:00,703][INFO]  o 跳过 唐晴:taomuzhi1992@163.com
[2019-10-24 16:18:00,711][INFO]  o 跳过 李廿廿:niannian_li@163.com
[2019-10-24 16:18:00,719][INFO]  o 跳过 董彬彬 :dongmus@163.com
[2019-10-24 16:18:00,740][INFO]  o 跳过 杨先生:2460676963@qq.com
[2019-10-24 16:18:00,744][INFO]  o 跳过 许哲:xuzhe960624@163.com
[2019-10-24 16:18:00,753][INFO]  o 跳过 姚星任:15546283776@sina.cn
[2019-10-24 16:18:00,759][INFO]  o 跳过 张志凯:zzk1044740758@live.com
[2019-10-24 16:18:00,769][INFO]  o 跳过 胡哲珲:hzhmayday@163.com
[2019-10-24 16:18:00,779][INFO]  o 跳过 周娴:zhouxianzx@qq.com
[2019-10-24 16:18:00,786][INFO]  o 跳过 覃彪:qb2007@aliyun.com
[2019-10-24 16:18:00,793][INFO]  o 跳过 宿帝鸿:443444154@qq.com
[2019-10-24 16:18:00,798][INFO]  o 跳过 荀长辉:xunchanghui903@163.com
[2019-10-24 16:18:00,806][INFO]  o 跳过 金若诗:569223837@qq.com
[2019-10-24 16:18:00,820][INFO]  o 跳过 李第亮:unnunique@139.com
[2019-10-24 16:18:00,827][INFO]  o 跳过 兰海:15249087693@163.com
[2019-10-24 16:18:00,834][INFO]  o 跳过 赵月南:yuenan90@qq.com
[2019-10-24 16:18:00,841][INFO]  o 跳过 谢云飞:XieYunfei0921@126.com
[2019-10-24 16:18:00,848][INFO]  o 跳过 叶莹 :1531967521@qq.com
[2019-10-24 16:18:00,856][INFO]  o 跳过 王辉:821591450@qq.com
[2019-10-24 16:18:00,863][INFO]  o 跳过 潘铸珏（已取消）:2635464452@qq.com
[2019-10-24 16:18:00,871][INFO]  o 跳过 马丽:18268874654@139.com
[2019-10-24 16:18:00,878][INFO]  o 跳过 乔佳丽:qiaojiali1125@163.com
[2019-10-24 16:18:00,892][INFO]  o 跳过 吴鹏博:wupengbo233@163.com
[2019-10-24 16:18:00,899][INFO]  o 跳过 韩松洁:songjiehan@vip.163.com
[2019-10-24 16:18:00,906][INFO]  o 跳过 曹正平:czp_frist@163.com
[2019-10-24 16:18:00,914][INFO]  o 跳过 孙长启:1421726488@qq.com
[2019-10-24 16:18:00,921][INFO]  o 跳过 刘旭文:bluesky.liu@163.com
[2019-10-24 16:18:00,928][INFO]  o 跳过 岳露萍:18651034403@163.com
[2019-10-24 16:18:00,936][INFO]  o 跳过 胡祺康:18930168954@163.com
[2019-10-24 16:18:00,943][INFO]  o 跳过 龚健:550304154@qq.com
[2019-10-24 16:18:00,950][INFO]  o 跳过 万树鑫:824997393@qq.com
[2019-10-24 16:18:00,962][INFO]  o 跳过 徐远东:18667198847@163.com
[2019-10-24 16:18:00,972][INFO]  o 跳过 张俊杰:1603368161@qq.com
[2019-10-24 16:18:00,979][INFO]  o 跳过 李晓婷:1009430358@qq.com
[2019-10-24 16:18:00,987][INFO]  o 跳过 王云飞:fearlessroy@163.com
[2019-10-24 16:18:02,824][INFO]  √ 发送 王云飞:jiang.hao@outlook.com
[2019-10-24 16:18:02,825][INFO]  o 跳过 王云飞:jiang.hao@outlook.com
