[2019-08-19 10:12:23,375][INFO] 智能引擎开发部 文欢 06.28上午09:30面试 -> 06月28日上午09:30面试 -> 2019-06-28 01:24:00+00:00
[2019-08-19 10:12:23,381][INFO] 智能引擎开发部 胡峰刚 06.28下午14:00面试 -> 06月28日下午14:00面试 -> 2019-06-28 05:54:00+00:00
[2019-08-19 10:12:23,385][INFO] 智能引擎开发部 邹亚平 07.03下午14:00面试 -> 07月03日下午14:00面试 -> 2019-07-03 05:54:00+00:00
[2019-08-19 10:12:23,389][INFO] 智能引擎开发部 叶海烽 7.1 14:00 -> 7月1日 14:00 -> 2019-07-01 05:54:00+00:00
[2019-08-19 10:12:23,394][INFO] 智能引擎开发部 王远洋 7.1 14:00 -> 7月1日 14:00 -> 2019-07-01 05:54:00+00:00
[2019-08-19 10:12:23,399][INFO] 智能引擎开发部 王超悦 7.1 9:00 -> 7月1日 9:00 -> 2019-07-01 00:54:00+00:00
[2019-08-19 10:12:23,404][INFO] 智能引擎开发部 刘亚卿 7.1 9:00 -> 7月1日 9:00 -> 2019-07-01 00:54:00+00:00
[2019-08-19 10:12:23,408][INFO] 智能引擎开发部 雷超 7.8 9:00 -> 7月8日 9:00 -> 2019-07-08 00:54:00+00:00
[2019-08-19 10:12:23,413][INFO] 智能引擎开发部 王小柯 7.5 14:00 -> 7月5日 14:00 -> 2019-07-05 05:54:00+00:00
[2019-08-19 10:12:23,418][INFO] 智能引擎开发部 李栋 7.10 14:00 -> 7月10日 14:00 -> 2019-07-10 05:54:00+00:00
[2019-08-19 10:12:23,422][INFO] 智能引擎开发部 陈绍迪 7.12 14:00 -> 7月12日 14:00 -> 2019-07-12 05:54:00+00:00
[2019-08-19 10:12:23,427][INFO] 智能引擎开发部 窦银亮 7.18周四下午14:00 -> 7月18日下午14:00 -> 2019-07-18 05:54:00+00:00
[2019-08-19 10:12:23,431][INFO] 智能引擎开发部 黄艳波 7.19周五下午14:00 -> 7月19日下午14:00 -> 2019-07-19 05:54:00+00:00
[2019-08-19 10:12:23,440][INFO] 智能引擎开发部 籍素芳 7.17周三上午10:00 -> 7月17日上午10:00 -> 2019-07-17 01:54:00+00:00
[2019-08-19 10:12:23,445][INFO] 智能引擎开发部 李瑞梅 7.24周五下午14:00 -> 7月24日下午14:00 -> 2019-07-24 05:54:00+00:00
[2019-08-19 10:12:23,449][INFO] 智能引擎开发部 裘骋操 7.17周三上午9:30 -> 7月17日上午9:30 -> 2019-07-17 01:24:00+00:00
[2019-08-19 10:12:23,454][INFO] 智能引擎开发部 陶群 7.17周三下午14:00 -> 7月17日下午14:00 -> 2019-07-17 05:54:00+00:00
[2019-08-19 10:12:23,458][INFO] 智能引擎开发部 洪广坤 7.16周二下午14:00 -> 7月16日下午14:00 -> 2019-07-16 05:54:00+00:00
[2019-08-19 10:12:23,463][INFO] 智能引擎开发部 王阳 7.18周四上午9:00 -> 7月18日上午9:00 -> 2019-07-18 00:54:00+00:00
[2019-08-19 10:12:23,468][INFO] 智能引擎开发部 袁泉 7.26下周五上午10:00 -> 7月26日上午10:00 -> 2019-07-26 01:54:00+00:00
[2019-08-19 10:12:23,473][INFO] 智能引擎开发部 张琛雪 7.18周四上午9:00 -> 7月18日上午9:00 -> 2019-07-18 00:54:00+00:00
[2019-08-19 10:12:23,478][INFO] 智能引擎开发部 孙通 7.19周五上午9:00 -> 7月19日上午9:00 -> 2019-07-19 00:54:00+00:00
[2019-08-19 10:12:23,482][INFO] 智能引擎开发部 郭锐 7.18 14:00 -> 7月18日 14:00 -> 2019-07-18 05:54:00+00:00
[2019-08-19 10:12:23,487][INFO] 智能引擎开发部 黄柳仁 7.20下周一上午10:00 -> 7月20日上午10:00 -> 2019-07-20 01:54:00+00:00
[2019-08-19 10:12:23,491][INFO] 智能引擎开发部 马龙 7.18周四上午10:00 -> 7月18日上午10:00 -> 2019-07-18 01:54:00+00:00
[2019-08-19 10:12:23,501][INFO] 智能引擎开发部 赵月 7.19周五下午14:00 -> 7月19日下午14:00 -> 2019-07-19 05:54:00+00:00
[2019-08-19 10:12:23,506][INFO] 智能引擎开发部 李雷 7.23下周二下午15:00 -> 7月23日下午15:00 -> 2019-07-23 06:54:00+00:00
[2019-08-19 10:12:23,510][INFO] 智能引擎开发部 黄柳仁 下周二（7.23）下午两点 -> 7月23日下午两点 -> 2019-07-23 05:54:00+00:00
[2019-08-19 10:12:23,515][INFO] 智能引擎开发部 徐仙明 7.30 9:00 -> 7月30日 9:00 -> 2019-07-30 00:54:00+00:00
[2019-08-19 10:12:23,519][INFO] 智能引擎开发部 林剑辉 7.19 9:00 -> 7月19日 9:00 -> 2019-07-19 00:54:00+00:00
[2019-08-19 10:12:23,524][INFO] 智能引擎开发部 王晶晶 7.23 下午15:00 -> 7月23日 下午15:00 -> 2019-07-23 06:54:00+00:00
[2019-08-19 10:12:23,528][INFO] 智能引擎开发部 安德智 7.23 下午15:00 -> 7月23日 下午15:00 -> 2019-07-23 06:54:00+00:00
[2019-08-19 10:12:23,533][INFO] 智能引擎开发部 彭峰 7.23 下午14:00 -> 7月23日 下午14:00 -> 2019-07-23 05:54:00+00:00
[2019-08-19 10:12:23,537][INFO] 智能引擎开发部 张霖 7.29 9:00 -> 7月29日 9:00 -> 2019-07-29 00:54:00+00:00
[2019-08-19 10:12:23,542][INFO] 智能引擎开发部 李要辉 7.25 14:00 -> 7月25日 14:00 -> 2019-07-25 05:54:00+00:00
[2019-08-19 10:12:23,546][INFO] 智能引擎开发部 章华栋 7.26 下午14:00 -> 7月26日 下午14:00 -> 2019-07-26 05:54:00+00:00
[2019-08-19 10:12:23,550][INFO] 智能引擎开发部 张祺桢 7.25 下午14:00 -> 7月25日 下午14:00 -> 2019-07-25 05:54:00+00:00
[2019-08-19 10:12:23,559][INFO] 智能引擎开发部 李冲 7.24 下午14:00 -> 7月24日 下午14:00 -> 2019-07-24 05:54:00+00:00
[2019-08-19 10:12:23,564][INFO] 智能引擎开发部 梁浩 7.29 14:00 -> 7月29日 14:00 -> 2019-07-29 05:54:00+00:00
[2019-08-19 10:12:23,568][INFO] 智能引擎开发部 许嘉怡 7.30 14:00 -> 7月30日 14:00 -> 2019-07-30 05:54:00+00:00
[2019-08-19 10:12:23,573][INFO] 智能引擎开发部 刘永红 8.1 14:00 -> 8月1日 14:00 -> 2019-08-01 05:54:00+00:00
[2019-08-19 10:12:23,578][INFO] 智能引擎开发部 淘亚萌 8.2 9:00 -> 8月2日 9:00 -> 2019-08-02 00:54:00+00:00
[2019-08-19 10:12:23,583][INFO] 智能引擎开发部 黄斌 8.6 下午14:00 -> 8月6日 下午14:00 -> 2019-08-06 05:54:00+00:00
[2019-08-19 10:12:23,588][INFO] 智能引擎开发部 李先琨 8.1 下午14:00 -> 8月1日 下午14:00 -> 2019-08-01 05:54:00+00:00
[2019-08-19 10:12:23,592][INFO] 智能引擎开发部 覃事银 8.8 14:00 -> 8月8日 14:00 -> 2019-08-08 05:54:00+00:00
[2019-08-19 10:12:23,597][INFO] 智能引擎开发部 刘畅 　8.8上午10点 -> 　8月8日上午10点 -> 2019-08-08 01:54:00+00:00
[2019-08-19 10:12:23,601][INFO] 智能引擎开发部 邹典坤 8.9 14:00 -> 8月9日 14:00 -> 2019-08-09 05:54:00+00:00
[2019-08-19 10:12:23,606][INFO] 智能引擎开发部 郑程贤 8月7号 14:00 -> 8月7号 14:00 -> 2019-08-07 05:54:00+00:00
[2019-08-19 10:12:23,610][INFO] 智能引擎开发部 雷璐 8月8号 14:00 -> 8月8号 14:00 -> 2019-08-08 05:54:00+00:00
[2019-08-19 10:12:23,619][INFO] 智能引擎开发部 陈辉辉 8.12 14:00 -> 8月12日 14:00 -> 2019-08-12 05:54:00+00:00
[2019-08-19 10:12:23,623][INFO] 智能引擎开发部 汪凯峰 8月9号 14:00 -> 8月9号 14:00 -> 2019-08-09 05:54:00+00:00
[2019-08-19 10:12:23,628][INFO] 智能引擎开发部 虞泽华 8.12 14:00 -> 8月12日 14:00 -> 2019-08-12 05:54:00+00:00
[2019-08-19 10:12:23,633][INFO] 智能引擎开发部 潘进勇 8.14 14:00 -> 8月14日 14:00 -> 2019-08-14 05:54:00+00:00
[2019-08-19 10:12:23,638][INFO] 智能引擎开发部 何超 8.13 9:00 -> 8月13日 9:00 -> 2019-08-13 00:54:00+00:00
[2019-08-19 10:12:23,644][INFO] 智能引擎开发部 郝树良 8月19号 14:00 -> 8月19号 14:00 -> 2019-08-19 05:54:00+00:00
[2019-08-19 10:12:23,649][INFO] 智能引擎开发部 茹 雪 8月13 14:00 -> 8月13日 14:00 -> 2019-08-13 05:54:00+00:00
[2019-08-19 10:12:23,654][INFO] 智能引擎开发部 李定祥 8.13 14:00 -> 8月13日 14:00 -> 2019-08-13 05:54:00+00:00
[2019-08-19 10:12:23,659][INFO] 智能引擎开发部 余彬 8.13 15:00 -> 8月13日 15:00 -> 2019-08-13 06:54:00+00:00
[2019-08-19 10:12:23,663][INFO] 智能引擎开发部 杜飞 8.15 15:00 -> 8月15日 15:00 -> 2019-08-15 06:54:00+00:00
[2019-08-19 10:12:23,668][INFO] 智能引擎开发部 赵辽浙 8.19 9:00 -> 8月19日 9:00 -> 2019-08-19 00:54:00+00:00
[2019-08-19 10:12:23,673][INFO] 智能引擎开发部 李剑 8.19 14:00 -> 8月19日 14:00 -> 2019-08-19 05:54:00+00:00
[2019-08-19 10:12:23,682][INFO] 智能引擎开发部 黄建平 8.19 10:00 -> 8月19日 10:00 -> 2019-08-19 01:54:00+00:00
[2019-08-19 10:12:23,686][INFO] 智能引擎开发部 朱光志 8.16 14:00 -> 8月16日 14:00 -> 2019-08-16 05:54:00+00:00
[2019-08-19 10:12:23,691][INFO] 智能引擎开发部 江昊 8.16 9:00 -> 8月16日 9:00 -> 2019-08-16 00:54:00+00:00
